Using pre-set license
Built from '2020.3/staging' branch; Version is '2020.3.28f1 (f5400f52e03f) revision 16072719'; Using compiler version '192528614'; Build Type 'Release'
OS: 'Windows 10  (10.0.19043) 64bit Professional' Language: 'en' Physical Memory: 16310 MB
BatchMode: 1, IsHumanControllingUs: 0, StartBugReporterOnCrash: 0, Is64bit: 1, IsPro: 0

COMMAND LINE ARGUMENTS:
C:\Program Files\Unity\Hub\Editor\2020.3.28f1\Editor\Unity.exe
-adb2
-batchMode
-noUpm
-name
AssetImportWorker0
-projectPath
C:/Users/User/Project Canal
-logFile
Logs/AssetImportWorker0.log
-srvPort
52235
Successfully changed project path to: C:/Users/User/Project Canal
C:/Users/User/Project Canal
Using Asset Import Pipeline V2.
Refreshing native plugins compatible for Editor in 44.92 ms, found 2 plugins.
Preloading 0 native plugins for Editor in 0.00 ms.
Initialize engine version: 2020.3.28f1 (f5400f52e03f)
[Subsystems] Discovering subsystems at path C:/Program Files/Unity/Hub/Editor/2020.3.28f1/Editor/Data/Resources/UnitySubsystems
[Subsystems] Discovering subsystems at path C:/Users/User/Project Canal/Assets
GfxDevice: creating device client; threaded=0
Direct3D:
    Version:  Direct3D 11.0 [level 11.1]
    Renderer: NVIDIA GeForce RTX 3050 (ID=0x2507)
    Vendor:   
    VRAM:     8070 MB
    Driver:   30.0.15.1277
Initialize mono
Mono path[0] = 'C:/Program Files/Unity/Hub/Editor/2020.3.28f1/Editor/Data/Managed'
Mono path[1] = 'C:/Program Files/Unity/Hub/Editor/2020.3.28f1/Editor/Data/MonoBleedingEdge/lib/mono/unityjit'
Mono config path = 'C:/Program Files/Unity/Hub/Editor/2020.3.28f1/Editor/Data/MonoBleedingEdge/etc'
Using monoOptions --debugger-agent=transport=dt_socket,embedding=1,server=y,suspend=n,address=127.0.0.1:56232
Begin MonoManager ReloadAssembly
Registering precompiled unity dll's ...
Register platform support module: C:/Program Files/Unity/Hub/Editor/2020.3.28f1/Editor/Data/PlaybackEngines/WindowsStandaloneSupport/UnityEditor.WindowsStandalone.Extensions.dll
Registered in 0.002592 seconds.
Native extension for WindowsStandalone target not found
Refreshing native plugins compatible for Editor in 32.83 ms, found 2 plugins.
Preloading 0 native plugins for Editor in 0.00 ms.
Mono: successfully reloaded assembly
- Completed reload, in  0.568 seconds
Domain Reload Profiling:
	ReloadAssembly (568ms)
		BeginReloadAssembly (69ms)
			ExecutionOrderSort (0ms)
			DisableScriptedObjects (0ms)
			BackupInstance (0ms)
			ReleaseScriptingObjects (0ms)
			CreateAndSetChildDomain (1ms)
		EndReloadAssembly (411ms)
			LoadAssemblies (66ms)
			RebuildTransferFunctionScriptingTraits (0ms)
			SetupTypeCache (151ms)
			ReleaseScriptCaches (0ms)
			RebuildScriptCaches (32ms)
			SetupLoadedEditorAssemblies (140ms)
				LogAssemblyErrors (0ms)
				InitializePlatformSupportModulesInManaged (5ms)
				SetLoadedEditorAssemblies (0ms)
				RefreshPlugins (33ms)
				BeforeProcessingInitializeOnLoad (8ms)
				ProcessInitializeOnLoadAttributes (69ms)
				ProcessInitializeOnLoadMethodAttributes (24ms)
				AfterProcessingInitializeOnLoad (0ms)
				EditorAssembliesLoaded (0ms)
			ExecutionOrderSort2 (0ms)
			AwakeInstancesAfterBackupRestoration (0ms)
Platform modules already initialized, skipping
Registering precompiled user dll's ...
Registered in 0.003884 seconds.
Begin MonoManager ReloadAssembly
Native extension for WindowsStandalone target not found
Refreshing native plugins compatible for Editor in 0.34 ms, found 2 plugins.
Preloading 0 native plugins for Editor in 0.00 ms.
Mono: successfully reloaded assembly
- Completed reload, in  0.848 seconds
Domain Reload Profiling:
	ReloadAssembly (849ms)
		BeginReloadAssembly (131ms)
			ExecutionOrderSort (0ms)
			DisableScriptedObjects (4ms)
			BackupInstance (0ms)
			ReleaseScriptingObjects (0ms)
			CreateAndSetChildDomain (17ms)
		EndReloadAssembly (661ms)
			LoadAssemblies (79ms)
			RebuildTransferFunctionScriptingTraits (0ms)
			SetupTypeCache (241ms)
			ReleaseScriptCaches (0ms)
			RebuildScriptCaches (37ms)
			SetupLoadedEditorAssemblies (232ms)
				LogAssemblyErrors (0ms)
				InitializePlatformSupportModulesInManaged (4ms)
				SetLoadedEditorAssemblies (0ms)
				RefreshPlugins (0ms)
				BeforeProcessingInitializeOnLoad (48ms)
				ProcessInitializeOnLoadAttributes (165ms)
				ProcessInitializeOnLoadMethodAttributes (8ms)
				AfterProcessingInitializeOnLoad (6ms)
				EditorAssembliesLoaded (0ms)
			ExecutionOrderSort2 (0ms)
			AwakeInstancesAfterBackupRestoration (5ms)
Platform modules already initialized, skipping
========================================================================
Worker process is ready to serve import requests
Launched and connected shader compiler UnityShaderCompiler.exe after 0.04 seconds
Refreshing native plugins compatible for Editor in 0.40 ms, found 2 plugins.
Preloading 0 native plugins for Editor in 0.00 ms.
Unloading 1502 Unused Serialized files (Serialized files now loaded: 0)
System memory in use before: 79.6 MB.
System memory in use after: 79.7 MB.

Unloading 19 unused Assets to reduce memory usage. Loaded Objects now: 1948.
Total: 2.475400 ms (FindLiveObjects: 0.138100 ms CreateObjectMapping: 0.033600 ms MarkObjects: 2.236600 ms  DeleteObjects: 0.066100 ms)

AssetImportParameters requested are different than current active one (requested -> active):
  custom:framework-win-MediaFoundation: 216162199b28c13a410421893ffa2e32 -> 
  custom:video-decoder-ogg-theora: a1e56fd34408186e4bbccfd4996cb3dc -> 
  custom:container-muxer-webm: aa71ff27fc2769a1b78a27578f13a17b -> 
  custom:container-demuxer-webm: 4f35f7cbe854078d1ac9338744f61a02 -> 
  custom:container-demuxer-ogg: 62fdf1f143b41e24485cea50d1cbac27 -> 
  custom:video-encoder-webm-vp8: eb34c28f22e8b96e1ab97ce403110664 -> 
  custom:video-decoder-webm-vp8: 9c59270c3fd7afecdb556c50c9e8de78 -> 
  custom:audio-decoder-ogg-vorbis: bf7c407c2cedff20999df2af8eb42d56 -> 
  custom:audio-encoder-webm-vorbis: bf7c407c2cedff20999df2af8eb42d56 -> 
========================================================================
Received Import Request.
  path: Assets/New Terrain.asset
  artifactKey: Guid(ba02facf6689f464d837acf923528ea7) Importer(815301076,1909f56bfc062723c751e8b465ee728b)
Start importing Assets/New Terrain.asset using Guid(ba02facf6689f464d837acf923528ea7) Importer(815301076,1909f56bfc062723c751e8b465ee728b)  -> (artifact id: 'acaa7e1be0b8cc5189060571d237e230') in 0.032388 seconds 
  Import took 0.035198 seconds .

========================================================================
Received Import Request.
  Time since last request: 599.006773 seconds.
  path: Assets/NewBrush.brush
  artifactKey: Guid(88c5aeae4f4936042a0ee621e74df044) Importer(815301076,1909f56bfc062723c751e8b465ee728b)
Start importing Assets/NewBrush.brush using Guid(88c5aeae4f4936042a0ee621e74df044) Importer(815301076,1909f56bfc062723c751e8b465ee728b)  -> (artifact id: 'e56e37de50a33dc45dac10c8b0179854') in 0.060788 seconds 
  Import took 0.063534 seconds .

========================================================================
Received Import Request.
  Time since last request: 168.014479 seconds.
  path: Assets/NewBrush 1.brush
  artifactKey: Guid(3b4fb997495d243488df1c68071cfb3b) Importer(815301076,1909f56bfc062723c751e8b465ee728b)
Start importing Assets/NewBrush 1.brush using Guid(3b4fb997495d243488df1c68071cfb3b) Importer(815301076,1909f56bfc062723c751e8b465ee728b)  -> (artifact id: '3530e9f31262835a720029aecaa63381') in 0.010524 seconds 
  Import took 0.013326 seconds .

========================================================================
Received Import Request.
  Time since last request: 70.418556 seconds.
  path: Assets/NewBrush 2.brush
  artifactKey: Guid(d167b85bfef4e88498e6662d1dd552d4) Importer(815301076,1909f56bfc062723c751e8b465ee728b)
Start importing Assets/NewBrush 2.brush using Guid(d167b85bfef4e88498e6662d1dd552d4) Importer(815301076,1909f56bfc062723c751e8b465ee728b)  -> (artifact id: 'cc1b9adee4158c254b0ee3c506e0cb64') in 0.011473 seconds 
  Import took 0.014150 seconds .

========================================================================
Received Import Request.
  Time since last request: 42.184321 seconds.
  path: Assets/NewBrush 3.brush
  artifactKey: Guid(5ec51ad6becccc249816653940ce8ca8) Importer(815301076,1909f56bfc062723c751e8b465ee728b)
Start importing Assets/NewBrush 3.brush using Guid(5ec51ad6becccc249816653940ce8ca8) Importer(815301076,1909f56bfc062723c751e8b465ee728b)  -> (artifact id: '8fcc0c5bd6da2ba13e78743b0f6d19be') in 0.012354 seconds 
  Import took 0.015776 seconds .

========================================================================
Received Import Request.
  Time since last request: 248.660410 seconds.
  path: Assets/NewBrush 4.brush
  artifactKey: Guid(89255256b053a7c4aa8daf4a4ec3e180) Importer(815301076,1909f56bfc062723c751e8b465ee728b)
Start importing Assets/NewBrush 4.brush using Guid(89255256b053a7c4aa8daf4a4ec3e180) Importer(815301076,1909f56bfc062723c751e8b465ee728b)  -> (artifact id: '229c58f9596d989a778bed5e66349326') in 0.010561 seconds 
  Import took 0.013006 seconds .

========================================================================
Received Import Request.
  Time since last request: 710.817118 seconds.
  path: Assets/NewBrush 5.brush
  artifactKey: Guid(cdb27022601b9de4aab2d11c76e47590) Importer(815301076,1909f56bfc062723c751e8b465ee728b)
Start importing Assets/NewBrush 5.brush using Guid(cdb27022601b9de4aab2d11c76e47590) Importer(815301076,1909f56bfc062723c751e8b465ee728b)  -> (artifact id: '231b2aca0a0f382323785e32b3650a47') in 0.020584 seconds 
  Import took 0.023009 seconds .

========================================================================
Received Import Request.
  Time since last request: 109.919403 seconds.
  path: Assets/Scenes
  artifactKey: Guid(efdaccb28b7c54c47aead2fea50a37b3) Importer(815301076,1909f56bfc062723c751e8b465ee728b)
Start importing Assets/Scenes using Guid(efdaccb28b7c54c47aead2fea50a37b3) Importer(815301076,1909f56bfc062723c751e8b465ee728b)  -> (artifact id: '68d2a3eedd08b4f423cd913497a082da') in 0.005937 seconds 
  Import took 0.008842 seconds .

========================================================================
Received Import Request.
  Time since last request: 28.838515 seconds.
  path: Assets/Scenes/SampleScene.unity
  artifactKey: Guid(9fc0d4010bbf28b4594072e72b8655ab) Importer(815301076,1909f56bfc062723c751e8b465ee728b)
Start importing Assets/Scenes/SampleScene.unity using Guid(9fc0d4010bbf28b4594072e72b8655ab) Importer(815301076,1909f56bfc062723c751e8b465ee728b)  -> (artifact id: '85059f4f9e1a832ed95adaa0d25c5c4c') in 0.006103 seconds 
  Import took 0.009253 seconds .

AssetImportWorkerClient::OnTransportError - code=2 error=End of file
