Using pre-set license
Built from '2021.3/staging' branch; Version is '2021.3.7f1 (24e8595d6d43) revision 2418777'; Using compiler version '192829333'; Build Type 'Release'
OS: 'Windows 11  (10.0.22000) 64bit CoreSingleLanguage' Language: 'en' Physical Memory: 16221 MB
BatchMode: 1, IsHumanControllingUs: 0, StartBugReporterOnCrash: 0, Is64bit: 1, IsPro: 1

COMMAND LINE ARGUMENTS:
C:\Program Files\Unity\Hub\Editor\2021.3.7f1\Editor\Unity.exe
-adb2
-batchMode
-noUpm
-name
AssetImportWorker1
-projectPath
C:/Users/anjuj/OneDrive/Documents/GitHub/Project-Canal
-logFile
Logs/AssetImportWorker1.log
-srvPort
52159
Successfully changed project path to: C:/Users/anjuj/OneDrive/Documents/GitHub/Project-Canal
C:/Users/anjuj/OneDrive/Documents/GitHub/Project-Canal
[UnityMemory] Configuration Parameters - Can be set up in boot.config
    "memorysetup-bucket-allocator-granularity=16"
    "memorysetup-bucket-allocator-bucket-count=8"
    "memorysetup-bucket-allocator-block-size=33554432"
    "memorysetup-bucket-allocator-block-count=8"
    "memorysetup-main-allocator-block-size=16777216"
    "memorysetup-thread-allocator-block-size=16777216"
    "memorysetup-gfx-main-allocator-block-size=16777216"
    "memorysetup-gfx-thread-allocator-block-size=16777216"
    "memorysetup-cache-allocator-block-size=4194304"
    "memorysetup-typetree-allocator-block-size=2097152"
    "memorysetup-profiler-bucket-allocator-granularity=16"
    "memorysetup-profiler-bucket-allocator-bucket-count=8"
    "memorysetup-profiler-bucket-allocator-block-size=33554432"
    "memorysetup-profiler-bucket-allocator-block-count=8"
    "memorysetup-profiler-allocator-block-size=16777216"
    "memorysetup-profiler-editor-allocator-block-size=1048576"
    "memorysetup-temp-allocator-size-main=16777216"
    "memorysetup-job-temp-allocator-block-size=2097152"
    "memorysetup-job-temp-allocator-block-size-background=1048576"
    "memorysetup-job-temp-allocator-reduction-small-platforms=262144"
    "memorysetup-temp-allocator-size-background-worker=32768"
    "memorysetup-temp-allocator-size-job-worker=262144"
    "memorysetup-temp-allocator-size-preload-manager=33554432"
    "memorysetup-temp-allocator-size-nav-mesh-worker=65536"
    "memorysetup-temp-allocator-size-audio-worker=65536"
    "memorysetup-temp-allocator-size-cloud-worker=32768"
    "memorysetup-temp-allocator-size-gi-baking-worker=262144"
    "memorysetup-temp-allocator-size-gfx=262144"
Refreshing native plugins compatible for Editor in 41.95 ms, found 2 plugins.
Preloading 0 native plugins for Editor in 0.00 ms.
Initialize engine version: 2021.3.7f1 (24e8595d6d43)
[Subsystems] Discovering subsystems at path C:/Program Files/Unity/Hub/Editor/2021.3.7f1/Editor/Data/Resources/UnitySubsystems
[Subsystems] Discovering subsystems at path C:/Users/anjuj/OneDrive/Documents/GitHub/Project-Canal/Assets
GfxDevice: creating device client; threaded=0; jobified=0
Direct3D:
    Version:  Direct3D 11.0 [level 11.1]
    Renderer: NVIDIA GeForce GTX 1650 (ID=0x1f99)
    Vendor:   NVIDIA
    VRAM:     3962 MB
    Driver:   30.0.15.1278
Initialize mono
Mono path[0] = 'C:/Program Files/Unity/Hub/Editor/2021.3.7f1/Editor/Data/Managed'
Mono path[1] = 'C:/Program Files/Unity/Hub/Editor/2021.3.7f1/Editor/Data/MonoBleedingEdge/lib/mono/unityjit-win32'
Mono config path = 'C:/Program Files/Unity/Hub/Editor/2021.3.7f1/Editor/Data/MonoBleedingEdge/etc'
Using monoOptions --debugger-agent=transport=dt_socket,embedding=1,server=y,suspend=n,address=127.0.0.1:56224
Begin MonoManager ReloadAssembly
Registering precompiled unity dll's ...
Register platform support module: C:/Program Files/Unity/Hub/Editor/2021.3.7f1/Editor/Data/PlaybackEngines/WebGLSupport/UnityEditor.WebGL.Extensions.dll
Register platform support module: C:/Program Files/Unity/Hub/Editor/2021.3.7f1/Editor/Data/PlaybackEngines/WindowsStandaloneSupport/UnityEditor.WindowsStandalone.Extensions.dll
Registered in 0.007568 seconds.
Native extension for WindowsStandalone target not found
Native extension for WebGL target not found
Refreshing native plugins compatible for Editor in 31.32 ms, found 2 plugins.
Preloading 0 native plugins for Editor in 0.00 ms.
Mono: successfully reloaded assembly
- Completed reload, in  0.678 seconds
Domain Reload Profiling:
	ReloadAssembly (679ms)
		BeginReloadAssembly (89ms)
			ExecutionOrderSort (0ms)
			DisableScriptedObjects (0ms)
			BackupInstance (0ms)
			ReleaseScriptingObjects (0ms)
			CreateAndSetChildDomain (1ms)
		EndReloadAssembly (461ms)
			LoadAssemblies (86ms)
			RebuildTransferFunctionScriptingTraits (0ms)
			SetupTypeCache (126ms)
			ReleaseScriptCaches (0ms)
			RebuildScriptCaches (30ms)
			SetupLoadedEditorAssemblies (239ms)
				LogAssemblyErrors (0ms)
				InitializePlatformSupportModulesInManaged (11ms)
				SetLoadedEditorAssemblies (0ms)
				RefreshPlugins (31ms)
				BeforeProcessingInitializeOnLoad (1ms)
				ProcessInitializeOnLoadAttributes (143ms)
				ProcessInitializeOnLoadMethodAttributes (52ms)
				AfterProcessingInitializeOnLoad (0ms)
				EditorAssembliesLoaded (0ms)
			ExecutionOrderSort2 (0ms)
			AwakeInstancesAfterBackupRestoration (0ms)
Platform modules already initialized, skipping
Registering precompiled user dll's ...
Registered in 0.005513 seconds.
Begin MonoManager ReloadAssembly
Native extension for WindowsStandalone target not found
Native extension for WebGL target not found
Refreshing native plugins compatible for Editor in 0.65 ms, found 2 plugins.
Preloading 0 native plugins for Editor in 0.00 ms.
Mono: successfully reloaded assembly
- Completed reload, in  1.114 seconds
Domain Reload Profiling:
	ReloadAssembly (1115ms)
		BeginReloadAssembly (136ms)
			ExecutionOrderSort (0ms)
			DisableScriptedObjects (6ms)
			BackupInstance (0ms)
			ReleaseScriptingObjects (0ms)
			CreateAndSetChildDomain (19ms)
		EndReloadAssembly (810ms)
			LoadAssemblies (99ms)
			RebuildTransferFunctionScriptingTraits (0ms)
			SetupTypeCache (234ms)
			ReleaseScriptCaches (1ms)
			RebuildScriptCaches (49ms)
			SetupLoadedEditorAssemblies (391ms)
				LogAssemblyErrors (0ms)
				InitializePlatformSupportModulesInManaged (9ms)
				SetLoadedEditorAssemblies (1ms)
				RefreshPlugins (1ms)
				BeforeProcessingInitializeOnLoad (81ms)
				ProcessInitializeOnLoadAttributes (248ms)
				ProcessInitializeOnLoadMethodAttributes (39ms)
				AfterProcessingInitializeOnLoad (12ms)
				EditorAssembliesLoaded (0ms)
			ExecutionOrderSort2 (0ms)
			AwakeInstancesAfterBackupRestoration (6ms)
Platform modules already initialized, skipping
========================================================================
Worker process is ready to serve import requests
Launched and connected shader compiler UnityShaderCompiler.exe after 0.04 seconds
Refreshing native plugins compatible for Editor in 0.61 ms, found 2 plugins.
Preloading 0 native plugins for Editor in 0.00 ms.
Unloading 1682 Unused Serialized files (Serialized files now loaded: 0)
Unloading 19 unused Assets / (47.9 KB). Loaded Objects now: 2165.
Memory consumption went from 84.3 MB to 84.3 MB.
Total: 5.326100 ms (FindLiveObjects: 0.277200 ms CreateObjectMapping: 0.242800 ms MarkObjects: 4.718800 ms  DeleteObjects: 0.085900 ms)

AssetImportParameters requested are different than current active one (requested -> active):
  custom:video-decoder-ogg-theora: a1e56fd34408186e4bbccfd4996cb3dc -> 
  custom:container-muxer-webm: aa71ff27fc2769a1b78a27578f13a17b -> 
  custom:container-demuxer-webm: 4f35f7cbe854078d1ac9338744f61a02 -> 
  custom:video-encoder-webm-vp8: eb34c28f22e8b96e1ab97ce403110664 -> 
  custom:video-codec-MediaFoundation-h265: 746d11721c4dcdbdad8f713fa42b33f4 -> 
  custom:audio-encoder-webm-vorbis: bf7c407c2cedff20999df2af8eb42d56 -> 
  custom:framework-win-MediaFoundation: 216162199b28c13a410421893ffa2e32 -> 
  custom:container-demuxer-ogg: 62fdf1f143b41e24485cea50d1cbac27 -> 
  custom:video-decoder-webm-vp8: 9c59270c3fd7afecdb556c50c9e8de78 -> 
  custom:audio-decoder-ogg-vorbis: bf7c407c2cedff20999df2af8eb42d56 -> 
========================================================================
Received Import Request.
  Time since last request: 472739.922113 seconds.
  path: Assets/TerrainData_ab92d358-b006-4526-9691-c814289743fc.asset
  artifactKey: Guid(127ebba8978289f4c99bb9bc2dcada01) Importer(815301076,1909f56bfc062723c751e8b465ee728b)
Start importing Assets/TerrainData_ab92d358-b006-4526-9691-c814289743fc.asset using Guid(127ebba8978289f4c99bb9bc2dcada01) Importer(815301076,1909f56bfc062723c751e8b465ee728b)  -> (artifact id: '312473a0727ccf00c91ffb149ae79b64') in 0.041579 seconds 
========================================================================
Received Import Request.
  Time since last request: 0.000027 seconds.
  path: Assets/TerrainData_94fb56f3-2485-44be-ab8e-a7bacb975131.asset
  artifactKey: Guid(7fc1c17932f5fb7439f14ae33ccef564) Importer(815301076,1909f56bfc062723c751e8b465ee728b)
Start importing Assets/TerrainData_94fb56f3-2485-44be-ab8e-a7bacb975131.asset using Guid(7fc1c17932f5fb7439f14ae33ccef564) Importer(815301076,1909f56bfc062723c751e8b465ee728b)  -> (artifact id: '22ebf0732a99f96d264a30bdb7d98451') in 0.015307 seconds 
========================================================================
Received Import Request.
  Time since last request: 0.000113 seconds.
  path: Assets/New Terrain 3.asset
  artifactKey: Guid(852138dcb4b148a488b1d0eb66760aec) Importer(815301076,1909f56bfc062723c751e8b465ee728b)
Start importing Assets/New Terrain 3.asset using Guid(852138dcb4b148a488b1d0eb66760aec) Importer(815301076,1909f56bfc062723c751e8b465ee728b)  -> (artifact id: '27070d44e00416c67a44d1ac8ff43984') in 0.090839 seconds 
========================================================================
Received Import Request.
  Time since last request: 0.000028 seconds.
  path: Assets/TerrainData_abcea227-d22e-48f0-9164-63d3a2b58d6d.asset
  artifactKey: Guid(c1fcc6fab994b004fb04d98c9b3e59e4) Importer(815301076,1909f56bfc062723c751e8b465ee728b)
Start importing Assets/TerrainData_abcea227-d22e-48f0-9164-63d3a2b58d6d.asset using Guid(c1fcc6fab994b004fb04d98c9b3e59e4) Importer(815301076,1909f56bfc062723c751e8b465ee728b)  -> (artifact id: '0518761a5dcbad6cb3b8c15ac23284a4') in 0.017463 seconds 
========================================================================
Received Import Request.
  Time since last request: 0.000026 seconds.
  path: Assets/New Terrain.asset
  artifactKey: Guid(ba02facf6689f464d837acf923528ea7) Importer(815301076,1909f56bfc062723c751e8b465ee728b)
Start importing Assets/New Terrain.asset using Guid(ba02facf6689f464d837acf923528ea7) Importer(815301076,1909f56bfc062723c751e8b465ee728b)  -> (artifact id: '3556f4337d53c22bb53efe0d04d23d17') in 0.021501 seconds 
========================================================================
Received Import Request.
  Time since last request: 0.000031 seconds.
  path: Assets/TerrainData_2353f9e2-5e42-4294-9606-1e445b2c7de4.asset
  artifactKey: Guid(6eea7520b79638246b4548fd6de2f595) Importer(815301076,1909f56bfc062723c751e8b465ee728b)
Start importing Assets/TerrainData_2353f9e2-5e42-4294-9606-1e445b2c7de4.asset using Guid(6eea7520b79638246b4548fd6de2f595) Importer(815301076,1909f56bfc062723c751e8b465ee728b)  -> (artifact id: '40f00eeb4563b3c4d3aa866b431a3dae') in 0.019044 seconds 
========================================================================
Received Import Request.
  Time since last request: 0.000046 seconds.
  path: Assets/TerrainData_969a17dd-6ca8-4c38-89dd-ec8a06cc462d.asset
  artifactKey: Guid(48de1d2a42988cf4db5bbe26d3378445) Importer(815301076,1909f56bfc062723c751e8b465ee728b)
Start importing Assets/TerrainData_969a17dd-6ca8-4c38-89dd-ec8a06cc462d.asset using Guid(48de1d2a42988cf4db5bbe26d3378445) Importer(815301076,1909f56bfc062723c751e8b465ee728b)  -> (artifact id: '0f6111f54b5ad1b1c420ed06617e9c81') in 0.028719 seconds 
========================================================================
Received Import Request.
  Time since last request: 0.000031 seconds.
  path: Assets/New Terrain 1.asset
  artifactKey: Guid(70f8fb4cf685a454fb961efcae54de94) Importer(815301076,1909f56bfc062723c751e8b465ee728b)
Start importing Assets/New Terrain 1.asset using Guid(70f8fb4cf685a454fb961efcae54de94) Importer(815301076,1909f56bfc062723c751e8b465ee728b)  -> (artifact id: '2169730480f06fb0db41a50ee63f11a6') in 0.022820 seconds 
========================================================================
Received Import Request.
  Time since last request: 0.000036 seconds.
  path: Assets/TerrainData_d8d65af6-665a-459d-a467-73e736bcc672.asset
  artifactKey: Guid(41afa4a6e9caf284bb86ce77cb9cb7a2) Importer(815301076,1909f56bfc062723c751e8b465ee728b)
Start importing Assets/TerrainData_d8d65af6-665a-459d-a467-73e736bcc672.asset using Guid(41afa4a6e9caf284bb86ce77cb9cb7a2) Importer(815301076,1909f56bfc062723c751e8b465ee728b)  -> (artifact id: 'da0635f6cca18a6e6f5f0300a165ffc2') in 0.018549 seconds 
========================================================================
Received Import Request.
  Time since last request: 0.000024 seconds.
  path: Assets/TerrainData_7890fdc7-8ffb-4e32-9914-f9c11523e219.asset
  artifactKey: Guid(947dac69caecd3d40935465381afe75f) Importer(815301076,1909f56bfc062723c751e8b465ee728b)
Start importing Assets/TerrainData_7890fdc7-8ffb-4e32-9914-f9c11523e219.asset using Guid(947dac69caecd3d40935465381afe75f) Importer(815301076,1909f56bfc062723c751e8b465ee728b)  -> (artifact id: '3b76ec8290520469b0e5072ec6a4b397') in 0.017690 seconds 
========================================================================
Received Import Request.
  Time since last request: 0.000077 seconds.
  path: Assets/TerrainData_8247c0ac-b25a-462e-a1c2-5455f74f730b.asset
  artifactKey: Guid(2c76d115f10544243b3733027e4906b7) Importer(815301076,1909f56bfc062723c751e8b465ee728b)
Start importing Assets/TerrainData_8247c0ac-b25a-462e-a1c2-5455f74f730b.asset using Guid(2c76d115f10544243b3733027e4906b7) Importer(815301076,1909f56bfc062723c751e8b465ee728b)  -> (artifact id: '1db3f65b637dfea5fa1854fd7d4e97f7') in 0.017105 seconds 
========================================================================
Received Import Request.
  Time since last request: 0.000034 seconds.
  path: Assets/TerrainData_9e7a0424-8606-48e8-98ed-a0e970748b22.asset
  artifactKey: Guid(b9db7333fb214b847be08ee1acf7f132) Importer(815301076,1909f56bfc062723c751e8b465ee728b)
Start importing Assets/TerrainData_9e7a0424-8606-48e8-98ed-a0e970748b22.asset using Guid(b9db7333fb214b847be08ee1acf7f132) Importer(815301076,1909f56bfc062723c751e8b465ee728b)  -> (artifact id: '43d3615fc72e506fc173369e60589659') in 0.018975 seconds 
========================================================================
Received Import Request.
  Time since last request: 0.000016 seconds.
  path: Assets/New Terrain 2.asset
  artifactKey: Guid(c3acde5c7637a8142bb36d09d4f351cd) Importer(815301076,1909f56bfc062723c751e8b465ee728b)
Start importing Assets/New Terrain 2.asset using Guid(c3acde5c7637a8142bb36d09d4f351cd) Importer(815301076,1909f56bfc062723c751e8b465ee728b)  -> (artifact id: '8fb565103b1b657f31b1fbf90aae0557') in 0.019421 seconds 
